<?xml version="1.0" encoding="UTF-8"?>
<coverage generated="1670702896444" clover="3.2.0">
  <project timestamp="1670702896444" name="All files">
    <metrics statements="63" coveredstatements="43" conditionals="13" coveredconditionals="11" methods="25" coveredmethods="11" elements="101" coveredelements="65" complexity="0" loc="63" ncloc="63" packages="5" files="6" classes="6"/>
    <package name="client.src.API">
      <metrics statements="16" coveredstatements="10" conditionals="3" coveredconditionals="3" methods="12" coveredmethods="6"/>
      <file name="Overview.js" path="/Users/justinstendara/Documents/HackReactor/Git/seniorPhase/rpp2207-fec/client/src/API/Overview.js">
        <metrics statements="8" coveredstatements="2" conditionals="0" coveredconditionals="0" methods="6" coveredmethods="0"/>
        <line num="1" count="1" type="stmt"/>
        <line num="3" count="1" type="stmt"/>
        <line num="5" count="0" type="stmt"/>
        <line num="7" count="0" type="stmt"/>
        <line num="10" count="0" type="stmt"/>
        <line num="15" count="0" type="stmt"/>
        <line num="17" count="0" type="stmt"/>
        <line num="20" count="0" type="stmt"/>
      </file>
      <file name="Ratings.js" path="/Users/justinstendara/Documents/HackReactor/Git/seniorPhase/rpp2207-fec/client/src/API/Ratings.js">
        <metrics statements="8" coveredstatements="8" conditionals="3" coveredconditionals="3" methods="6" coveredmethods="6"/>
        <line num="1" count="2" type="stmt"/>
        <line num="2" count="2" type="stmt"/>
        <line num="4" count="1" type="stmt"/>
        <line num="14" count="1" type="stmt"/>
        <line num="18" count="2" type="stmt"/>
        <line num="26" count="1" type="stmt"/>
        <line num="30" count="1" type="stmt"/>
        <line num="32" count="1" type="stmt"/>
      </file>
    </package>
    <package name="client.src.components">
      <metrics statements="5" coveredstatements="5" conditionals="0" coveredconditionals="0" methods="1" coveredmethods="1"/>
      <file name="helperFunctions.js" path="/Users/justinstendara/Documents/HackReactor/Git/seniorPhase/rpp2207-fec/client/src/components/helperFunctions.js">
        <metrics statements="5" coveredstatements="5" conditionals="0" coveredconditionals="0" methods="1" coveredmethods="1"/>
        <line num="1" count="1" type="stmt"/>
        <line num="3" count="1" type="stmt"/>
        <line num="4" count="1" type="stmt"/>
        <line num="6" count="1" type="stmt"/>
        <line num="10" count="1" type="stmt"/>
      </file>
    </package>
    <package name="client.src.components.Ratings">
      <metrics statements="15" coveredstatements="15" conditionals="4" coveredconditionals="4" methods="2" coveredmethods="2"/>
      <file name="helperFunctions.js" path="/Users/justinstendara/Documents/HackReactor/Git/seniorPhase/rpp2207-fec/client/src/components/Ratings/helperFunctions.js">
        <metrics statements="15" coveredstatements="15" conditionals="4" coveredconditionals="4" methods="2" coveredmethods="2"/>
        <line num="6" count="1" type="stmt"/>
        <line num="7" count="3" type="cond" truecount="2" falsecount="0"/>
        <line num="8" count="1" type="stmt"/>
        <line num="11" count="2" type="stmt"/>
        <line num="12" count="2" type="stmt"/>
        <line num="14" count="2" type="stmt"/>
        <line num="15" count="2" type="stmt"/>
        <line num="16" count="10" type="stmt"/>
        <line num="17" count="10" type="stmt"/>
        <line num="19" count="2" type="stmt"/>
        <line num="22" count="1" type="stmt"/>
        <line num="23" count="3" type="cond" truecount="2" falsecount="0"/>
        <line num="24" count="1" type="stmt"/>
        <line num="26" count="2" type="stmt"/>
        <line num="29" count="1" type="stmt"/>
      </file>
    </package>
    <package name="client.src.components.Related">
      <metrics statements="24" coveredstatements="10" conditionals="6" coveredconditionals="4" methods="10" coveredmethods="2"/>
      <file name="ProductCard.jsx" path="/Users/justinstendara/Documents/HackReactor/Git/seniorPhase/rpp2207-fec/client/src/components/Related/ProductCard.jsx">
        <metrics statements="24" coveredstatements="10" conditionals="6" coveredconditionals="4" methods="10" coveredmethods="2"/>
        <line num="5" count="1" type="stmt"/>
        <line num="6" count="1" type="stmt"/>
        <line num="7" count="1" type="stmt"/>
        <line num="8" count="1" type="stmt"/>
        <line num="10" count="1" type="stmt"/>
        <line num="11" count="1" type="stmt"/>
        <line num="13" count="0" type="stmt"/>
        <line num="14" count="0" type="stmt"/>
        <line num="18" count="1" type="stmt"/>
        <line num="19" count="0" type="stmt"/>
        <line num="20" count="0" type="stmt"/>
        <line num="23" count="1" type="stmt"/>
        <line num="24" count="0" type="stmt"/>
        <line num="26" count="1" type="stmt"/>
        <line num="27" count="0" type="stmt"/>
        <line num="28" count="0" type="stmt"/>
        <line num="29" count="0" type="stmt"/>
        <line num="30" count="0" type="stmt"/>
        <line num="31" count="0" type="stmt"/>
        <line num="33" count="0" type="stmt"/>
        <line num="36" count="1" type="stmt"/>
        <line num="38" count="0" type="stmt"/>
        <line num="43" count="0" type="stmt"/>
        <line num="48" count="0" type="stmt"/>
      </file>
    </package>
    <package name="testing">
      <metrics statements="3" coveredstatements="3" conditionals="0" coveredconditionals="0" methods="0" coveredmethods="0"/>
      <file name="mocks.js" path="/Users/justinstendara/Documents/HackReactor/Git/seniorPhase/rpp2207-fec/testing/mocks.js">
        <metrics statements="3" coveredstatements="3" conditionals="0" coveredconditionals="0" methods="0" coveredmethods="0"/>
        <line num="1" count="1" type="stmt"/>
        <line num="202" count="1" type="stmt"/>
        <line num="232" count="1" type="stmt"/>
      </file>
    </package>
  </project>
</coverage>
