{"/Users/justinstendara/Documents/HackReactor/Git/seniorPhase/rpp2207-fec/client/src/API/Overview.js": {"path":"/Users/justinstendara/Documents/HackReactor/Git/seniorPhase/rpp2207-fec/client/src/API/Overview.js","statementMap":{"0":{"start":{"line":2,"column":17},"end":{"line":39,"column":1}},"1":{"start":{"line":4,"column":4},"end":{"line":13,"column":9}},"2":{"start":{"line":8,"column":8},"end":{"line":8,"column":29}},"3":{"start":{"line":9,"column":8},"end":{"line":9,"column":23}},"4":{"start":{"line":12,"column":8},"end":{"line":12,"column":25}},"5":{"start":{"line":17,"column":4},"end":{"line":25,"column":9}},"6":{"start":{"line":21,"column":8},"end":{"line":21,"column":22}},"7":{"start":{"line":24,"column":8},"end":{"line":24,"column":25}},"8":{"start":{"line":29,"column":4},"end":{"line":37,"column":9}},"9":{"start":{"line":33,"column":8},"end":{"line":33,"column":22}},"10":{"start":{"line":36,"column":8},"end":{"line":36,"column":25}}},"fnMap":{"0":{"name":"(anonymous_0)","decl":{"start":{"line":3,"column":18},"end":{"line":3,"column":19}},"loc":{"start":{"line":3,"column":24},"end":{"line":14,"column":3}},"line":3},"1":{"name":"(anonymous_1)","decl":{"start":{"line":7,"column":12},"end":{"line":7,"column":13}},"loc":{"start":{"line":7,"column":23},"end":{"line":10,"column":7}},"line":7},"2":{"name":"(anonymous_2)","decl":{"start":{"line":11,"column":13},"end":{"line":11,"column":14}},"loc":{"start":{"line":11,"column":20},"end":{"line":13,"column":7}},"line":11},"3":{"name":"(anonymous_3)","decl":{"start":{"line":16,"column":18},"end":{"line":16,"column":19}},"loc":{"start":{"line":16,"column":26},"end":{"line":26,"column":3}},"line":16},"4":{"name":"(anonymous_4)","decl":{"start":{"line":20,"column":12},"end":{"line":20,"column":13}},"loc":{"start":{"line":20,"column":22},"end":{"line":22,"column":7}},"line":20},"5":{"name":"(anonymous_5)","decl":{"start":{"line":23,"column":13},"end":{"line":23,"column":14}},"loc":{"start":{"line":23,"column":20},"end":{"line":25,"column":7}},"line":23},"6":{"name":"(anonymous_6)","decl":{"start":{"line":28,"column":17},"end":{"line":28,"column":18}},"loc":{"start":{"line":28,"column":25},"end":{"line":38,"column":3}},"line":28},"7":{"name":"(anonymous_7)","decl":{"start":{"line":32,"column":12},"end":{"line":32,"column":13}},"loc":{"start":{"line":32,"column":22},"end":{"line":34,"column":7}},"line":32},"8":{"name":"(anonymous_8)","decl":{"start":{"line":35,"column":13},"end":{"line":35,"column":14}},"loc":{"start":{"line":35,"column":20},"end":{"line":37,"column":7}},"line":35}},"branchMap":{},"s":{"0":2,"1":0,"2":0,"3":0,"4":0,"5":0,"6":0,"7":0,"8":0,"9":0,"10":0},"f":{"0":0,"1":0,"2":0,"3":0,"4":0,"5":0,"6":0,"7":0,"8":0},"b":{},"_coverageSchema":"1a1c01bbd47fc00a2c39e90264f33305004495a9","hash":"8abcc4d75569ec606b66d30ca299c2ab4b266dea"}
,"/Users/justinstendara/Documents/HackReactor/Git/seniorPhase/rpp2207-fec/client/src/API/Ratings.js": {"path":"/Users/justinstendara/Documents/HackReactor/Git/seniorPhase/rpp2207-fec/client/src/API/Ratings.js","statementMap":{"0":{"start":{"line":1,"column":14},"end":{"line":1,"column":35}},"1":{"start":{"line":2,"column":16},"end":{"line":36,"column":1}},"2":{"start":{"line":4,"column":4},"end":{"line":16,"column":9}},"3":{"start":{"line":15,"column":8},"end":{"line":15,"column":27}},"4":{"start":{"line":19,"column":4},"end":{"line":28,"column":9}},"5":{"start":{"line":27,"column":8},"end":{"line":27,"column":30}},"6":{"start":{"line":31,"column":4},"end":{"line":34,"column":9}},"7":{"start":{"line":33,"column":8},"end":{"line":33,"column":20}}},"fnMap":{"0":{"name":"(anonymous_0)","decl":{"start":{"line":3,"column":17},"end":{"line":3,"column":18}},"loc":{"start":{"line":3,"column":60},"end":{"line":17,"column":3}},"line":3},"1":{"name":"(anonymous_1)","decl":{"start":{"line":14,"column":12},"end":{"line":14,"column":13}},"loc":{"start":{"line":14,"column":20},"end":{"line":16,"column":7}},"line":14},"2":{"name":"(anonymous_2)","decl":{"start":{"line":18,"column":21},"end":{"line":18,"column":22}},"loc":{"start":{"line":18,"column":29},"end":{"line":29,"column":3}},"line":18},"3":{"name":"(anonymous_3)","decl":{"start":{"line":26,"column":12},"end":{"line":26,"column":13}},"loc":{"start":{"line":26,"column":23},"end":{"line":28,"column":7}},"line":26},"4":{"name":"(anonymous_4)","decl":{"start":{"line":30,"column":10},"end":{"line":30,"column":11}},"loc":{"start":{"line":30,"column":79},"end":{"line":35,"column":3}},"line":30},"5":{"name":"(anonymous_5)","decl":{"start":{"line":32,"column":12},"end":{"line":32,"column":13}},"loc":{"start":{"line":32,"column":20},"end":{"line":34,"column":7}},"line":32}},"branchMap":{"0":{"loc":{"start":{"line":30,"column":23},"end":{"line":30,"column":34}},"type":"default-arg","locations":[{"start":{"line":30,"column":32},"end":{"line":30,"column":34}}],"line":30},"1":{"loc":{"start":{"line":30,"column":36},"end":{"line":30,"column":53}},"type":"default-arg","locations":[{"start":{"line":30,"column":43},"end":{"line":30,"column":53}}],"line":30},"2":{"loc":{"start":{"line":30,"column":55},"end":{"line":30,"column":63}},"type":"default-arg","locations":[{"start":{"line":30,"column":62},"end":{"line":30,"column":63}}],"line":30},"3":{"loc":{"start":{"line":30,"column":65},"end":{"line":30,"column":74}},"type":"default-arg","locations":[{"start":{"line":30,"column":73},"end":{"line":30,"column":74}}],"line":30}},"s":{"0":1,"1":1,"2":4,"3":1,"4":3,"5":2,"6":3,"7":1},"f":{"0":4,"1":1,"2":3,"3":2,"4":3,"5":1},"b":{"0":[3],"1":[3],"2":[3],"3":[3]},"_coverageSchema":"1a1c01bbd47fc00a2c39e90264f33305004495a9","hash":"e3b6b7540f1635ebafbfe2db347292c124b46a79"}
,"/Users/justinstendara/Documents/HackReactor/Git/seniorPhase/rpp2207-fec/client/src/components/helperFunctions.js": {"path":"/Users/justinstendara/Documents/HackReactor/Git/seniorPhase/rpp2207-fec/client/src/components/helperFunctions.js","statementMap":{"0":{"start":{"line":1,"column":22},"end":{"line":8,"column":1}},"1":{"start":{"line":3,"column":19},"end":{"line":3,"column":33}},"2":{"start":{"line":4,"column":13},"end":{"line":4,"column":42}},"3":{"start":{"line":6,"column":4},"end":{"line":6,"column":14}},"4":{"start":{"line":10,"column":0},"end":{"line":10,"column":49}}},"fnMap":{"0":{"name":"(anonymous_0)","decl":{"start":{"line":2,"column":16},"end":{"line":2,"column":17}},"loc":{"start":{"line":2,"column":25},"end":{"line":7,"column":3}},"line":2}},"branchMap":{},"s":{"0":1,"1":1,"2":1,"3":1,"4":1},"f":{"0":1},"b":{},"_coverageSchema":"1a1c01bbd47fc00a2c39e90264f33305004495a9","hash":"e55a3c29ad5e598cb0ab12c45508225b01e39cd9"}
,"/Users/justinstendara/Documents/HackReactor/Git/seniorPhase/rpp2207-fec/client/src/components/Overview/Cart/Cart.jsx": {"path":"/Users/justinstendara/Documents/HackReactor/Git/seniorPhase/rpp2207-fec/client/src/components/Overview/Cart/Cart.jsx","statementMap":{"0":{"start":{"line":4,"column":13},"end":{"line":12,"column":1}},"1":{"start":{"line":6,"column":2},"end":{"line":11,"column":4}}},"fnMap":{"0":{"name":"(anonymous_0)","decl":{"start":{"line":4,"column":13},"end":{"line":4,"column":14}},"loc":{"start":{"line":4,"column":24},"end":{"line":12,"column":1}},"line":4}},"branchMap":{},"s":{"0":1,"1":0},"f":{"0":0},"b":{},"_coverageSchema":"1a1c01bbd47fc00a2c39e90264f33305004495a9","hash":"2beba6c65560c0d9bdeadee9e3f79a6d165cb898"}
,"/Users/justinstendara/Documents/HackReactor/Git/seniorPhase/rpp2207-fec/client/src/components/Overview/Cart/SizeSelector.jsx": {"path":"/Users/justinstendara/Documents/HackReactor/Git/seniorPhase/rpp2207-fec/client/src/components/Overview/Cart/SizeSelector.jsx","statementMap":{"0":{"start":{"line":5,"column":21},"end":{"line":36,"column":1}},"1":{"start":{"line":6,"column":26},"end":{"line":6,"column":41}},"2":{"start":{"line":7,"column":38},"end":{"line":7,"column":63}},"3":{"start":{"line":9,"column":2},"end":{"line":11,"column":5}},"4":{"start":{"line":10,"column":4},"end":{"line":10,"column":81}},"5":{"start":{"line":13,"column":2},"end":{"line":35,"column":3}},"6":{"start":{"line":14,"column":4},"end":{"line":20,"column":4}},"7":{"start":{"line":22,"column":4},"end":{"line":34,"column":6}},"8":{"start":{"line":27,"column":12},"end":{"line":30,"column":46}}},"fnMap":{"0":{"name":"(anonymous_0)","decl":{"start":{"line":5,"column":21},"end":{"line":5,"column":22}},"loc":{"start":{"line":5,"column":32},"end":{"line":36,"column":1}},"line":5},"1":{"name":"(anonymous_1)","decl":{"start":{"line":9,"column":12},"end":{"line":9,"column":13}},"loc":{"start":{"line":9,"column":18},"end":{"line":11,"column":3}},"line":9},"2":{"name":"(anonymous_2)","decl":{"start":{"line":26,"column":39},"end":{"line":26,"column":40}},"loc":{"start":{"line":26,"column":46},"end":{"line":31,"column":11}},"line":26}},"branchMap":{"0":{"loc":{"start":{"line":10,"column":4},"end":{"line":10,"column":80}},"type":"cond-expr","locations":[{"start":{"line":10,"column":44},"end":{"line":10,"column":73}},{"start":{"line":10,"column":76},"end":{"line":10,"column":80}}],"line":10},"1":{"loc":{"start":{"line":13,"column":2},"end":{"line":35,"column":3}},"type":"if","locations":[{"start":{"line":13,"column":2},"end":{"line":35,"column":3}},{"start":{"line":21,"column":9},"end":{"line":35,"column":3}}],"line":13}},"s":{"0":1,"1":8,"2":8,"3":8,"4":7,"5":8,"6":2,"7":6,"8":31},"f":{"0":8,"1":7,"2":31},"b":{"0":[2,5],"1":[2,6]},"_coverageSchema":"1a1c01bbd47fc00a2c39e90264f33305004495a9","hash":"cca36fa806cef57080756cd46cae8b2b9d438c42"}
,"/Users/justinstendara/Documents/HackReactor/Git/seniorPhase/rpp2207-fec/client/src/components/Overview/Cart/SpecificSize.jsx": {"path":"/Users/justinstendara/Documents/HackReactor/Git/seniorPhase/rpp2207-fec/client/src/components/Overview/Cart/SpecificSize.jsx","statementMap":{"0":{"start":{"line":3,"column":21},"end":{"line":19,"column":1}},"1":{"start":{"line":5,"column":22},"end":{"line":7,"column":3}},"2":{"start":{"line":6,"column":4},"end":{"line":6,"column":36}},"3":{"start":{"line":9,"column":2},"end":{"line":18,"column":3}},"4":{"start":{"line":10,"column":4},"end":{"line":17,"column":5}}},"fnMap":{"0":{"name":"(anonymous_0)","decl":{"start":{"line":3,"column":21},"end":{"line":3,"column":22}},"loc":{"start":{"line":3,"column":32},"end":{"line":19,"column":1}},"line":3},"1":{"name":"(anonymous_1)","decl":{"start":{"line":5,"column":22},"end":{"line":5,"column":23}},"loc":{"start":{"line":5,"column":29},"end":{"line":7,"column":3}},"line":5}},"branchMap":{"0":{"loc":{"start":{"line":9,"column":2},"end":{"line":18,"column":3}},"type":"if","locations":[{"start":{"line":9,"column":2},"end":{"line":18,"column":3}},{"start":{},"end":{}}],"line":9}},"s":{"0":1,"1":33,"2":1,"3":33,"4":31},"f":{"0":33,"1":1},"b":{"0":[31,2]},"_coverageSchema":"1a1c01bbd47fc00a2c39e90264f33305004495a9","hash":"3e3297d52f6c774a78fc0d1f2f57e82c3ece0eea"}
,"/Users/justinstendara/Documents/HackReactor/Git/seniorPhase/rpp2207-fec/client/src/components/Overview/ImageViews/ExpandedView.jsx": {"path":"/Users/justinstendara/Documents/HackReactor/Git/seniorPhase/rpp2207-fec/client/src/components/Overview/ImageViews/ExpandedView.jsx","statementMap":{"0":{"start":{"line":9,"column":21},"end":{"line":75,"column":1}},"1":{"start":{"line":11,"column":52},"end":{"line":11,"column":86}},"2":{"start":{"line":12,"column":34},"end":{"line":12,"column":49}},"3":{"start":{"line":13,"column":30},"end":{"line":13,"column":52}},"4":{"start":{"line":15,"column":26},"end":{"line":17,"column":3}},"5":{"start":{"line":16,"column":4},"end":{"line":16,"column":48}},"6":{"start":{"line":19,"column":27},"end":{"line":21,"column":3}},"7":{"start":{"line":20,"column":4},"end":{"line":20,"column":48}},"8":{"start":{"line":23,"column":2},"end":{"line":74,"column":3}},"9":{"start":{"line":24,"column":4},"end":{"line":65,"column":6}},"10":{"start":{"line":32,"column":29},"end":{"line":32,"column":46}},"11":{"start":{"line":40,"column":29},"end":{"line":40,"column":47}},"12":{"start":{"line":45,"column":32},"end":{"line":47,"column":15}},"13":{"start":{"line":48,"column":14},"end":{"line":54,"column":67}},"14":{"start":{"line":54,"column":36},"end":{"line":54,"column":63}},"15":{"start":{"line":62,"column":25},"end":{"line":62,"column":42}},"16":{"start":{"line":67,"column":4},"end":{"line":73,"column":5}}},"fnMap":{"0":{"name":"(anonymous_0)","decl":{"start":{"line":9,"column":21},"end":{"line":9,"column":22}},"loc":{"start":{"line":9,"column":32},"end":{"line":75,"column":1}},"line":9},"1":{"name":"(anonymous_1)","decl":{"start":{"line":15,"column":26},"end":{"line":15,"column":27}},"loc":{"start":{"line":15,"column":32},"end":{"line":17,"column":3}},"line":15},"2":{"name":"(anonymous_2)","decl":{"start":{"line":19,"column":27},"end":{"line":19,"column":28}},"loc":{"start":{"line":19,"column":33},"end":{"line":21,"column":3}},"line":19},"3":{"name":"(anonymous_3)","decl":{"start":{"line":32,"column":23},"end":{"line":32,"column":24}},"loc":{"start":{"line":32,"column":29},"end":{"line":32,"column":46}},"line":32},"4":{"name":"(anonymous_4)","decl":{"start":{"line":40,"column":23},"end":{"line":40,"column":24}},"loc":{"start":{"line":40,"column":29},"end":{"line":40,"column":47}},"line":40},"5":{"name":"(anonymous_5)","decl":{"start":{"line":44,"column":23},"end":{"line":44,"column":24}},"loc":{"start":{"line":44,"column":41},"end":{"line":55,"column":13}},"line":44},"6":{"name":"(anonymous_6)","decl":{"start":{"line":54,"column":30},"end":{"line":54,"column":31}},"loc":{"start":{"line":54,"column":36},"end":{"line":54,"column":63}},"line":54},"7":{"name":"(anonymous_7)","decl":{"start":{"line":62,"column":19},"end":{"line":62,"column":20}},"loc":{"start":{"line":62,"column":25},"end":{"line":62,"column":42}},"line":62}},"branchMap":{"0":{"loc":{"start":{"line":23,"column":2},"end":{"line":74,"column":3}},"type":"if","locations":[{"start":{"line":23,"column":2},"end":{"line":74,"column":3}},{"start":{"line":66,"column":9},"end":{"line":74,"column":3}}],"line":23},"1":{"loc":{"start":{"line":26,"column":9},"end":{"line":32,"column":50}},"type":"cond-expr","locations":[{"start":{"line":27,"column":14},"end":{"line":27,"column":18}},{"start":{"line":28,"column":14},"end":{"line":32,"column":50}}],"line":26},"2":{"loc":{"start":{"line":34,"column":11},"end":{"line":40,"column":51}},"type":"cond-expr","locations":[{"start":{"line":35,"column":14},"end":{"line":35,"column":18}},{"start":{"line":36,"column":14},"end":{"line":40,"column":51}}],"line":34},"3":{"loc":{"start":{"line":34,"column":11},"end":{"line":34,"column":60}},"type":"binary-expr","locations":[{"start":{"line":34,"column":11},"end":{"line":34,"column":17}},{"start":{"line":34,"column":21},"end":{"line":34,"column":60}}],"line":34},"4":{"loc":{"start":{"line":43,"column":11},"end":{"line":56,"column":16}},"type":"cond-expr","locations":[{"start":{"line":44,"column":12},"end":{"line":55,"column":14}},{"start":{"line":56,"column":12},"end":{"line":56,"column":16}}],"line":43},"5":{"loc":{"start":{"line":46,"column":27},"end":{"line":46,"column":74}},"type":"cond-expr","locations":[{"start":{"line":46,"column":57},"end":{"line":46,"column":67}},{"start":{"line":46,"column":70},"end":{"line":46,"column":74}}],"line":46}},"s":{"0":1,"1":13,"2":13,"3":13,"4":13,"5":1,"6":13,"7":1,"8":13,"9":13,"10":1,"11":1,"12":72,"13":72,"14":1,"15":0,"16":0},"f":{"0":13,"1":1,"2":1,"3":1,"4":1,"5":72,"6":1,"7":0},"b":{"0":[13,0],"1":[8,5],"2":[1,12],"3":[13,12],"4":[12,1],"5":[12,60]},"_coverageSchema":"1a1c01bbd47fc00a2c39e90264f33305004495a9","hash":"203582f989c2997ba288caf4dc0ad370b71ac4a6"}
,"/Users/justinstendara/Documents/HackReactor/Git/seniorPhase/rpp2207-fec/client/src/components/Overview/ImageViews/Images.jsx": {"path":"/Users/justinstendara/Documents/HackReactor/Git/seniorPhase/rpp2207-fec/client/src/components/Overview/ImageViews/Images.jsx","statementMap":{"0":{"start":{"line":10,"column":15},"end":{"line":68,"column":1}},"1":{"start":{"line":12,"column":46},"end":{"line":12,"column":57}},"2":{"start":{"line":14,"column":26},"end":{"line":16,"column":3}},"3":{"start":{"line":15,"column":4},"end":{"line":15,"column":42}},"4":{"start":{"line":18,"column":27},"end":{"line":20,"column":3}},"5":{"start":{"line":19,"column":4},"end":{"line":19,"column":42}},"6":{"start":{"line":22,"column":2},"end":{"line":67,"column":3}},"7":{"start":{"line":23,"column":4},"end":{"line":64,"column":5}},"8":{"start":{"line":32,"column":29},"end":{"line":32,"column":46}},"9":{"start":{"line":42,"column":31},"end":{"line":42,"column":49}},"10":{"start":{"line":48,"column":27},"end":{"line":48,"column":55}},"11":{"start":{"line":48,"column":56},"end":{"line":48,"column":100}},"12":{"start":{"line":66,"column":4},"end":{"line":66,"column":16}}},"fnMap":{"0":{"name":"(anonymous_0)","decl":{"start":{"line":10,"column":15},"end":{"line":10,"column":16}},"loc":{"start":{"line":10,"column":26},"end":{"line":68,"column":1}},"line":10},"1":{"name":"(anonymous_1)","decl":{"start":{"line":14,"column":26},"end":{"line":14,"column":27}},"loc":{"start":{"line":14,"column":32},"end":{"line":16,"column":3}},"line":14},"2":{"name":"(anonymous_2)","decl":{"start":{"line":18,"column":27},"end":{"line":18,"column":28}},"loc":{"start":{"line":18,"column":33},"end":{"line":20,"column":3}},"line":18},"3":{"name":"(anonymous_3)","decl":{"start":{"line":32,"column":23},"end":{"line":32,"column":24}},"loc":{"start":{"line":32,"column":29},"end":{"line":32,"column":46}},"line":32},"4":{"name":"(anonymous_4)","decl":{"start":{"line":42,"column":25},"end":{"line":42,"column":26}},"loc":{"start":{"line":42,"column":31},"end":{"line":42,"column":49}},"line":42},"5":{"name":"(anonymous_5)","decl":{"start":{"line":48,"column":19},"end":{"line":48,"column":20}},"loc":{"start":{"line":48,"column":25},"end":{"line":48,"column":102}},"line":48}},"branchMap":{"0":{"loc":{"start":{"line":22,"column":2},"end":{"line":67,"column":3}},"type":"if","locations":[{"start":{"line":22,"column":2},"end":{"line":67,"column":3}},{"start":{"line":65,"column":9},"end":{"line":67,"column":3}}],"line":22},"1":{"loc":{"start":{"line":22,"column":6},"end":{"line":22,"column":39}},"type":"binary-expr","locations":[{"start":{"line":22,"column":6},"end":{"line":22,"column":18}},{"start":{"line":22,"column":22},"end":{"line":22,"column":39}}],"line":22},"2":{"loc":{"start":{"line":26,"column":11},"end":{"line":32,"column":50}},"type":"cond-expr","locations":[{"start":{"line":27,"column":14},"end":{"line":27,"column":18}},{"start":{"line":28,"column":14},"end":{"line":32,"column":50}}],"line":26},"3":{"loc":{"start":{"line":34,"column":11},"end":{"line":42,"column":53}},"type":"cond-expr","locations":[{"start":{"line":35,"column":14},"end":{"line":35,"column":18}},{"start":{"line":36,"column":14},"end":{"line":42,"column":53}}],"line":34}},"s":{"0":1,"1":7,"2":7,"3":1,"4":7,"5":2,"6":7,"7":6,"8":1,"9":2,"10":0,"11":0,"12":1},"f":{"0":7,"1":1,"2":2,"3":1,"4":2,"5":0},"b":{"0":[6,1],"1":[7,6],"2":[4,2],"3":[0,6]},"_coverageSchema":"1a1c01bbd47fc00a2c39e90264f33305004495a9","hash":"aa7cf160c69795c6e7cbafeb35e8b3836ce80e98"}
,"/Users/justinstendara/Documents/HackReactor/Git/seniorPhase/rpp2207-fec/client/src/components/Overview/ImageViews/SpecificImage.jsx": {"path":"/Users/justinstendara/Documents/HackReactor/Git/seniorPhase/rpp2207-fec/client/src/components/Overview/ImageViews/SpecificImage.jsx","statementMap":{"0":{"start":{"line":3,"column":22},"end":{"line":22,"column":1}},"1":{"start":{"line":5,"column":20},"end":{"line":7,"column":3}},"2":{"start":{"line":9,"column":2},"end":{"line":21,"column":4}},"3":{"start":{"line":18,"column":27},"end":{"line":18,"column":64}}},"fnMap":{"0":{"name":"(anonymous_0)","decl":{"start":{"line":3,"column":22},"end":{"line":3,"column":23}},"loc":{"start":{"line":3,"column":33},"end":{"line":22,"column":1}},"line":3},"1":{"name":"(anonymous_1)","decl":{"start":{"line":18,"column":19},"end":{"line":18,"column":20}},"loc":{"start":{"line":18,"column":25},"end":{"line":18,"column":66}},"line":18}},"branchMap":{"0":{"loc":{"start":{"line":6,"column":18},"end":{"line":6,"column":83}},"type":"cond-expr","locations":[{"start":{"line":6,"column":57},"end":{"line":6,"column":74}},{"start":{"line":6,"column":77},"end":{"line":6,"column":83}}],"line":6},"1":{"loc":{"start":{"line":11,"column":5},"end":{"line":19,"column":12}},"type":"cond-expr","locations":[{"start":{"line":13,"column":8},"end":{"line":18,"column":70}},{"start":{"line":19,"column":8},"end":{"line":19,"column":12}}],"line":11}},"s":{"0":1,"1":3,"2":3,"3":1},"f":{"0":3,"1":1},"b":{"0":[3,0],"1":[2,1]},"_coverageSchema":"1a1c01bbd47fc00a2c39e90264f33305004495a9","hash":"f2d4f1b32d73caacfe6c69aae58a88c70bdf11be"}
,"/Users/justinstendara/Documents/HackReactor/Git/seniorPhase/rpp2207-fec/client/src/components/Overview/ImageViews/Zoom.jsx": {"path":"/Users/justinstendara/Documents/HackReactor/Git/seniorPhase/rpp2207-fec/client/src/components/Overview/ImageViews/Zoom.jsx","statementMap":{"0":{"start":{"line":6,"column":13},"end":{"line":33,"column":1}},"1":{"start":{"line":8,"column":26},"end":{"line":16,"column":3}},"2":{"start":{"line":9,"column":14},"end":{"line":9,"column":45}},"3":{"start":{"line":10,"column":14},"end":{"line":10,"column":44}},"4":{"start":{"line":11,"column":15},"end":{"line":11,"column":46}},"5":{"start":{"line":12,"column":20},"end":{"line":12,"column":46}},"6":{"start":{"line":13,"column":4},"end":{"line":13,"column":54}},"7":{"start":{"line":14,"column":4},"end":{"line":14,"column":45}},"8":{"start":{"line":15,"column":4},"end":{"line":15,"column":39}},"9":{"start":{"line":18,"column":2},"end":{"line":32,"column":3}},"10":{"start":{"line":23,"column":21},"end":{"line":23,"column":45}}},"fnMap":{"0":{"name":"(anonymous_0)","decl":{"start":{"line":6,"column":13},"end":{"line":6,"column":14}},"loc":{"start":{"line":6,"column":24},"end":{"line":33,"column":1}},"line":6},"1":{"name":"(anonymous_1)","decl":{"start":{"line":8,"column":26},"end":{"line":8,"column":27}},"loc":{"start":{"line":8,"column":33},"end":{"line":16,"column":3}},"line":8},"2":{"name":"(anonymous_2)","decl":{"start":{"line":23,"column":15},"end":{"line":23,"column":16}},"loc":{"start":{"line":23,"column":21},"end":{"line":23,"column":45}},"line":23}},"branchMap":{"0":{"loc":{"start":{"line":24,"column":7},"end":{"line":30,"column":14}},"type":"cond-expr","locations":[{"start":{"line":26,"column":8},"end":{"line":29,"column":36}},{"start":{"line":30,"column":10},"end":{"line":30,"column":14}}],"line":24}},"s":{"0":1,"1":3,"2":1,"3":1,"4":1,"5":1,"6":1,"7":1,"8":1,"9":3,"10":0},"f":{"0":3,"1":1,"2":0},"b":{"0":[2,1]},"_coverageSchema":"1a1c01bbd47fc00a2c39e90264f33305004495a9","hash":"02234d45f6b8bb563bbab7d687b932c88b1230f1"}
,"/Users/justinstendara/Documents/HackReactor/Git/seniorPhase/rpp2207-fec/client/src/components/Overview/StylesSelector/SpecificStyle.jsx": {"path":"/Users/justinstendara/Documents/HackReactor/Git/seniorPhase/rpp2207-fec/client/src/components/Overview/StylesSelector/SpecificStyle.jsx","statementMap":{"0":{"start":{"line":5,"column":22},"end":{"line":22,"column":1}},"1":{"start":{"line":7,"column":2},"end":{"line":21,"column":3}},"2":{"start":{"line":17,"column":10},"end":{"line":17,"column":44}},"3":{"start":{"line":18,"column":10},"end":{"line":18,"column":46}},"4":{"start":{"line":19,"column":10},"end":{"line":19,"column":41}}},"fnMap":{"0":{"name":"(anonymous_0)","decl":{"start":{"line":5,"column":22},"end":{"line":5,"column":23}},"loc":{"start":{"line":5,"column":33},"end":{"line":22,"column":1}},"line":5},"1":{"name":"(anonymous_1)","decl":{"start":{"line":16,"column":17},"end":{"line":16,"column":18}},"loc":{"start":{"line":16,"column":23},"end":{"line":19,"column":43}},"line":16}},"branchMap":{"0":{"loc":{"start":{"line":9,"column":7},"end":{"line":11,"column":14}},"type":"cond-expr","locations":[{"start":{"line":10,"column":10},"end":{"line":10,"column":89}},{"start":{"line":11,"column":10},"end":{"line":11,"column":14}}],"line":9}},"s":{"0":1,"1":22,"2":0,"3":0,"4":0},"f":{"0":22,"1":0},"b":{"0":[1,21]},"_coverageSchema":"1a1c01bbd47fc00a2c39e90264f33305004495a9","hash":"856c9228f9c64c7699a579594b98ade4b22222b1"}
,"/Users/justinstendara/Documents/HackReactor/Git/seniorPhase/rpp2207-fec/client/src/components/Overview/StylesSelector/StyleSelector.jsx": {"path":"/Users/justinstendara/Documents/HackReactor/Git/seniorPhase/rpp2207-fec/client/src/components/Overview/StylesSelector/StyleSelector.jsx","statementMap":{"0":{"start":{"line":6,"column":22},"end":{"line":29,"column":1}},"1":{"start":{"line":7,"column":2},"end":{"line":27,"column":10}},"2":{"start":{"line":17,"column":10},"end":{"line":23,"column":38}}},"fnMap":{"0":{"name":"(anonymous_0)","decl":{"start":{"line":6,"column":22},"end":{"line":6,"column":23}},"loc":{"start":{"line":6,"column":33},"end":{"line":29,"column":1}},"line":6},"1":{"name":"(anonymous_1)","decl":{"start":{"line":16,"column":26},"end":{"line":16,"column":27}},"loc":{"start":{"line":16,"column":35},"end":{"line":24,"column":9}},"line":16}},"branchMap":{"0":{"loc":{"start":{"line":7,"column":9},"end":{"line":27,"column":10}},"type":"cond-expr","locations":[{"start":{"line":8,"column":7},"end":{"line":26,"column":12}},{"start":{"line":27,"column":6},"end":{"line":27,"column":10}}],"line":7},"1":{"loc":{"start":{"line":7,"column":9},"end":{"line":7,"column":42}},"type":"binary-expr","locations":[{"start":{"line":7,"column":9},"end":{"line":7,"column":26}},{"start":{"line":7,"column":30},"end":{"line":7,"column":42}}],"line":7},"2":{"loc":{"start":{"line":10,"column":11},"end":{"line":12,"column":57}},"type":"cond-expr","locations":[{"start":{"line":11,"column":14},"end":{"line":11,"column":53}},{"start":{"line":12,"column":14},"end":{"line":12,"column":57}}],"line":10}},"s":{"0":1,"1":3,"2":20},"f":{"0":3,"1":20},"b":{"0":[2,1],"1":[3,2],"2":[0,2]},"_coverageSchema":"1a1c01bbd47fc00a2c39e90264f33305004495a9","hash":"e6ea9223d7e7de0198094395ed740f7b2ff5bac4"}
,"/Users/justinstendara/Documents/HackReactor/Git/seniorPhase/rpp2207-fec/client/src/components/Ratings/Ratings.jsx": {"path":"/Users/justinstendara/Documents/HackReactor/Git/seniorPhase/rpp2207-fec/client/src/components/Ratings/Ratings.jsx","statementMap":{"0":{"start":{"line":7,"column":16},"end":{"line":138,"column":1}},"1":{"start":{"line":9,"column":27},"end":{"line":14,"column":3}},"2":{"start":{"line":17,"column":2},"end":{"line":17,"column":27}},"3":{"start":{"line":20,"column":38},"end":{"line":20,"column":64}},"4":{"start":{"line":21,"column":48},"end":{"line":21,"column":62}},"5":{"start":{"line":22,"column":34},"end":{"line":22,"column":48}},"6":{"start":{"line":23,"column":40},"end":{"line":23,"column":68}},"7":{"start":{"line":26,"column":34},"end":{"line":26,"column":46}},"8":{"start":{"line":27,"column":44},"end":{"line":27,"column":58}},"9":{"start":{"line":28,"column":32},"end":{"line":28,"column":44}},"10":{"start":{"line":29,"column":36},"end":{"line":29,"column":65}},"11":{"start":{"line":38,"column":22},"end":{"line":48,"column":3}},"12":{"start":{"line":39,"column":4},"end":{"line":47,"column":9}},"13":{"start":{"line":41,"column":8},"end":{"line":41,"column":38}},"14":{"start":{"line":42,"column":8},"end":{"line":42,"column":28}},"15":{"start":{"line":43,"column":8},"end":{"line":43,"column":20}},"16":{"start":{"line":46,"column":8},"end":{"line":46,"column":56}},"17":{"start":{"line":50,"column":2},"end":{"line":71,"column":20}},"18":{"start":{"line":51,"column":4},"end":{"line":70,"column":9}},"19":{"start":{"line":53,"column":8},"end":{"line":55,"column":9}},"20":{"start":{"line":54,"column":10},"end":{"line":54,"column":43}},"21":{"start":{"line":56,"column":8},"end":{"line":56,"column":29}},"22":{"start":{"line":57,"column":8},"end":{"line":57,"column":31}},"23":{"start":{"line":59,"column":8},"end":{"line":59,"column":32}},"24":{"start":{"line":60,"column":8},"end":{"line":60,"column":34}},"25":{"start":{"line":62,"column":8},"end":{"line":62,"column":25}},"26":{"start":{"line":63,"column":8},"end":{"line":63,"column":27}},"27":{"start":{"line":66,"column":8},"end":{"line":66,"column":48}},"28":{"start":{"line":67,"column":21},"end":{"line":67,"column":106}},"29":{"start":{"line":68,"column":8},"end":{"line":68,"column":29}},"30":{"start":{"line":69,"column":8},"end":{"line":69,"column":31}},"31":{"start":{"line":73,"column":18},"end":{"line":76,"column":3}},"32":{"start":{"line":74,"column":4},"end":{"line":74,"column":32}},"33":{"start":{"line":75,"column":4},"end":{"line":75,"column":55}},"34":{"start":{"line":78,"column":18},"end":{"line":98,"column":3}},"35":{"start":{"line":80,"column":4},"end":{"line":82,"column":5}},"36":{"start":{"line":81,"column":6},"end":{"line":81,"column":13}},"37":{"start":{"line":84,"column":4},"end":{"line":87,"column":5}},"38":{"start":{"line":85,"column":6},"end":{"line":85,"column":21}},"39":{"start":{"line":86,"column":6},"end":{"line":86,"column":55}},"40":{"start":{"line":89,"column":4},"end":{"line":97,"column":5}},"41":{"start":{"line":90,"column":6},"end":{"line":90,"column":51}},"42":{"start":{"line":91,"column":6},"end":{"line":91,"column":52}},"43":{"start":{"line":92,"column":6},"end":{"line":92,"column":25}},"44":{"start":{"line":93,"column":6},"end":{"line":93,"column":63}},"45":{"start":{"line":95,"column":6},"end":{"line":95,"column":44}},"46":{"start":{"line":96,"column":6},"end":{"line":96,"column":82}},"47":{"start":{"line":100,"column":2},"end":{"line":137,"column":4}},"48":{"start":{"line":124,"column":12},"end":{"line":126,"column":14}}},"fnMap":{"0":{"name":"(anonymous_0)","decl":{"start":{"line":7,"column":16},"end":{"line":7,"column":17}},"loc":{"start":{"line":7,"column":27},"end":{"line":138,"column":1}},"line":7},"1":{"name":"(anonymous_1)","decl":{"start":{"line":38,"column":22},"end":{"line":38,"column":23}},"loc":{"start":{"line":38,"column":83},"end":{"line":48,"column":3}},"line":38},"2":{"name":"(anonymous_2)","decl":{"start":{"line":40,"column":12},"end":{"line":40,"column":13}},"loc":{"start":{"line":40,"column":20},"end":{"line":44,"column":7}},"line":40},"3":{"name":"(anonymous_3)","decl":{"start":{"line":45,"column":13},"end":{"line":45,"column":14}},"loc":{"start":{"line":45,"column":20},"end":{"line":47,"column":7}},"line":45},"4":{"name":"(anonymous_4)","decl":{"start":{"line":50,"column":12},"end":{"line":50,"column":13}},"loc":{"start":{"line":50,"column":17},"end":{"line":71,"column":3}},"line":50},"5":{"name":"(anonymous_5)","decl":{"start":{"line":52,"column":12},"end":{"line":52,"column":13}},"loc":{"start":{"line":52,"column":19},"end":{"line":64,"column":7}},"line":52},"6":{"name":"(anonymous_6)","decl":{"start":{"line":65,"column":13},"end":{"line":65,"column":14}},"loc":{"start":{"line":65,"column":20},"end":{"line":70,"column":7}},"line":65},"7":{"name":"(anonymous_7)","decl":{"start":{"line":73,"column":18},"end":{"line":73,"column":19}},"loc":{"start":{"line":73,"column":25},"end":{"line":76,"column":3}},"line":73},"8":{"name":"(anonymous_8)","decl":{"start":{"line":78,"column":18},"end":{"line":78,"column":19}},"loc":{"start":{"line":78,"column":31},"end":{"line":98,"column":3}},"line":78},"9":{"name":"(anonymous_9)","decl":{"start":{"line":123,"column":34},"end":{"line":123,"column":35}},"loc":{"start":{"line":123,"column":49},"end":{"line":127,"column":11}},"line":123}},"branchMap":{"0":{"loc":{"start":{"line":38,"column":27},"end":{"line":38,"column":44}},"type":"default-arg","locations":[{"start":{"line":38,"column":34},"end":{"line":38,"column":44}}],"line":38},"1":{"loc":{"start":{"line":38,"column":46},"end":{"line":38,"column":57}},"type":"default-arg","locations":[{"start":{"line":38,"column":55},"end":{"line":38,"column":57}}],"line":38},"2":{"loc":{"start":{"line":38,"column":59},"end":{"line":38,"column":67}},"type":"default-arg","locations":[{"start":{"line":38,"column":66},"end":{"line":38,"column":67}}],"line":38},"3":{"loc":{"start":{"line":38,"column":69},"end":{"line":38,"column":78}},"type":"default-arg","locations":[{"start":{"line":38,"column":77},"end":{"line":38,"column":78}}],"line":38},"4":{"loc":{"start":{"line":53,"column":8},"end":{"line":55,"column":9}},"type":"if","locations":[{"start":{"line":53,"column":8},"end":{"line":55,"column":9}},{"start":{},"end":{}}],"line":53},"5":{"loc":{"start":{"line":80,"column":4},"end":{"line":82,"column":5}},"type":"if","locations":[{"start":{"line":80,"column":4},"end":{"line":82,"column":5}},{"start":{},"end":{}}],"line":80},"6":{"loc":{"start":{"line":84,"column":4},"end":{"line":87,"column":5}},"type":"if","locations":[{"start":{"line":84,"column":4},"end":{"line":87,"column":5}},{"start":{},"end":{}}],"line":84},"7":{"loc":{"start":{"line":89,"column":4},"end":{"line":97,"column":5}},"type":"if","locations":[{"start":{"line":89,"column":4},"end":{"line":97,"column":5}},{"start":{"line":94,"column":11},"end":{"line":97,"column":5}}],"line":89},"8":{"loc":{"start":{"line":103,"column":9},"end":{"line":104,"column":96}},"type":"binary-expr","locations":[{"start":{"line":103,"column":9},"end":{"line":103,"column":23}},{"start":{"line":104,"column":8},"end":{"line":104,"column":96}}],"line":103},"9":{"loc":{"start":{"line":105,"column":9},"end":{"line":109,"column":14}},"type":"binary-expr","locations":[{"start":{"line":105,"column":9},"end":{"line":105,"column":18}},{"start":{"line":106,"column":8},"end":{"line":109,"column":14}}],"line":105},"10":{"loc":{"start":{"line":121,"column":9},"end":{"line":128,"column":14}},"type":"binary-expr","locations":[{"start":{"line":121,"column":9},"end":{"line":121,"column":25}},{"start":{"line":122,"column":8},"end":{"line":128,"column":14}}],"line":121},"11":{"loc":{"start":{"line":130,"column":9},"end":{"line":131,"column":49}},"type":"binary-expr","locations":[{"start":{"line":130,"column":9},"end":{"line":130,"column":20}},{"start":{"line":131,"column":8},"end":{"line":131,"column":49}}],"line":130}},"s":{"0":1,"1":5,"2":5,"3":5,"4":5,"5":5,"6":5,"7":5,"8":5,"9":5,"10":5,"11":5,"12":1,"13":0,"14":0,"15":0,"16":0,"17":5,"18":3,"19":1,"20":0,"21":1,"22":1,"23":1,"24":1,"25":1,"26":1,"27":1,"28":1,"29":1,"30":1,"31":5,"32":1,"33":1,"34":5,"35":0,"36":0,"37":0,"38":0,"39":0,"40":0,"41":0,"42":0,"43":0,"44":0,"45":0,"46":0,"47":5,"48":5},"f":{"0":5,"1":1,"2":0,"3":0,"4":3,"5":1,"6":1,"7":1,"8":0,"9":5},"b":{"0":[0],"1":[0],"2":[1],"3":[1],"4":[0,1],"5":[0,0],"6":[0,0],"7":[0,0],"8":[5,1],"9":[5,4],"10":[5,1],"11":[5,4]},"_coverageSchema":"1a1c01bbd47fc00a2c39e90264f33305004495a9","hash":"e642569eed22932e51a826f4b9a9944b392935b7"}
,"/Users/justinstendara/Documents/HackReactor/Git/seniorPhase/rpp2207-fec/client/src/components/Ratings/ReviewCard.jsx": {"path":"/Users/justinstendara/Documents/HackReactor/Git/seniorPhase/rpp2207-fec/client/src/components/Ratings/ReviewCard.jsx","statementMap":{"0":{"start":{"line":4,"column":17},"end":{"line":58,"column":1}},"1":{"start":{"line":8,"column":13},"end":{"line":8,"column":38}},"2":{"start":{"line":9,"column":2},"end":{"line":9,"column":34}},"3":{"start":{"line":11,"column":40},"end":{"line":11,"column":55}},"4":{"start":{"line":13,"column":2},"end":{"line":18,"column":3}},"5":{"start":{"line":14,"column":4},"end":{"line":14,"column":54}},"6":{"start":{"line":16,"column":4},"end":{"line":16,"column":32}},"7":{"start":{"line":17,"column":4},"end":{"line":17,"column":21}},"8":{"start":{"line":20,"column":19},"end":{"line":20,"column":23}},"9":{"start":{"line":21,"column":2},"end":{"line":25,"column":3}},"10":{"start":{"line":22,"column":4},"end":{"line":22,"column":33}},"11":{"start":{"line":24,"column":4},"end":{"line":24,"column":27}},"12":{"start":{"line":27,"column":2},"end":{"line":57,"column":4}},"13":{"start":{"line":39,"column":55},"end":{"line":39,"column":83}},"14":{"start":{"line":51,"column":10},"end":{"line":53,"column":12}}},"fnMap":{"0":{"name":"(anonymous_0)","decl":{"start":{"line":4,"column":17},"end":{"line":4,"column":18}},"loc":{"start":{"line":4,"column":28},"end":{"line":58,"column":1}},"line":4},"1":{"name":"(anonymous_1)","decl":{"start":{"line":39,"column":49},"end":{"line":39,"column":50}},"loc":{"start":{"line":39,"column":55},"end":{"line":39,"column":83}},"line":39},"2":{"name":"(anonymous_2)","decl":{"start":{"line":50,"column":31},"end":{"line":50,"column":32}},"loc":{"start":{"line":50,"column":49},"end":{"line":54,"column":9}},"line":50}},"branchMap":{"0":{"loc":{"start":{"line":13,"column":2},"end":{"line":18,"column":3}},"type":"if","locations":[{"start":{"line":13,"column":2},"end":{"line":18,"column":3}},{"start":{"line":15,"column":9},"end":{"line":18,"column":3}}],"line":13},"1":{"loc":{"start":{"line":21,"column":2},"end":{"line":25,"column":3}},"type":"if","locations":[{"start":{"line":21,"column":2},"end":{"line":25,"column":3}},{"start":{"line":23,"column":9},"end":{"line":25,"column":3}}],"line":21},"2":{"loc":{"start":{"line":38,"column":7},"end":{"line":39,"column":99}},"type":"binary-expr","locations":[{"start":{"line":38,"column":8},"end":{"line":38,"column":24}},{"start":{"line":38,"column":28},"end":{"line":38,"column":38}},{"start":{"line":39,"column":8},"end":{"line":39,"column":99}}],"line":38},"3":{"loc":{"start":{"line":41,"column":7},"end":{"line":42,"column":41}},"type":"binary-expr","locations":[{"start":{"line":41,"column":7},"end":{"line":41,"column":27}},{"start":{"line":42,"column":8},"end":{"line":42,"column":41}}],"line":41},"4":{"loc":{"start":{"line":44,"column":7},"end":{"line":45,"column":64}},"type":"binary-expr","locations":[{"start":{"line":44,"column":7},"end":{"line":44,"column":33}},{"start":{"line":45,"column":8},"end":{"line":45,"column":64}}],"line":44}},"s":{"0":1,"1":8,"2":8,"3":8,"4":8,"5":3,"6":5,"7":5,"8":8,"9":8,"10":1,"11":7,"12":8,"13":1,"14":2},"f":{"0":8,"1":1,"2":2},"b":{"0":[3,5],"1":[1,7],"2":[8,7,2],"3":[8,8],"4":[8,8]},"_coverageSchema":"1a1c01bbd47fc00a2c39e90264f33305004495a9","hash":"7eebcfa2d594152583132d0a70458b083042cf2e"}
,"/Users/justinstendara/Documents/HackReactor/Git/seniorPhase/rpp2207-fec/client/src/components/Ratings/helperFunctions.js": {"path":"/Users/justinstendara/Documents/HackReactor/Git/seniorPhase/rpp2207-fec/client/src/components/Ratings/helperFunctions.js","statementMap":{"0":{"start":{"line":6,"column":30},"end":{"line":20,"column":1}},"1":{"start":{"line":7,"column":2},"end":{"line":9,"column":3}},"2":{"start":{"line":8,"column":4},"end":{"line":8,"column":16}},"3":{"start":{"line":11,"column":19},"end":{"line":11,"column":20}},"4":{"start":{"line":12,"column":18},"end":{"line":12,"column":19}},"5":{"start":{"line":14,"column":20},"end":{"line":14,"column":40}},"6":{"start":{"line":15,"column":2},"end":{"line":18,"column":3}},"7":{"start":{"line":15,"column":15},"end":{"line":15,"column":16}},"8":{"start":{"line":16,"column":4},"end":{"line":16,"column":78}},"9":{"start":{"line":17,"column":4},"end":{"line":17,"column":52}},"10":{"start":{"line":19,"column":2},"end":{"line":19,"column":50}},"11":{"start":{"line":22,"column":27},"end":{"line":27,"column":1}},"12":{"start":{"line":23,"column":2},"end":{"line":25,"column":3}},"13":{"start":{"line":24,"column":4},"end":{"line":24,"column":16}},"14":{"start":{"line":26,"column":2},"end":{"line":26,"column":93}},"15":{"start":{"line":29,"column":24},"end":{"line":51,"column":1}},"16":{"start":{"line":30,"column":2},"end":{"line":32,"column":3}},"17":{"start":{"line":31,"column":4},"end":{"line":31,"column":21}},"18":{"start":{"line":34,"column":19},"end":{"line":34,"column":94}},"19":{"start":{"line":34,"column":55},"end":{"line":34,"column":88}},"20":{"start":{"line":35,"column":18},"end":{"line":35,"column":20}},"21":{"start":{"line":38,"column":2},"end":{"line":43,"column":3}},"22":{"start":{"line":38,"column":15},"end":{"line":38,"column":16}},"23":{"start":{"line":39,"column":4},"end":{"line":39,"column":34}},"24":{"start":{"line":40,"column":4},"end":{"line":40,"column":39}},"25":{"start":{"line":42,"column":4},"end":{"line":42,"column":104}},"26":{"start":{"line":45,"column":2},"end":{"line":49,"column":3}},"27":{"start":{"line":45,"column":15},"end":{"line":45,"column":16}},"28":{"start":{"line":46,"column":4},"end":{"line":48,"column":5}},"29":{"start":{"line":47,"column":6},"end":{"line":47,"column":50}},"30":{"start":{"line":50,"column":2},"end":{"line":50,"column":19}},"31":{"start":{"line":53,"column":0},"end":{"line":57,"column":2}}},"fnMap":{"0":{"name":"(anonymous_0)","decl":{"start":{"line":6,"column":30},"end":{"line":6,"column":31}},"loc":{"start":{"line":6,"column":43},"end":{"line":20,"column":1}},"line":6},"1":{"name":"(anonymous_1)","decl":{"start":{"line":22,"column":27},"end":{"line":22,"column":28}},"loc":{"start":{"line":22,"column":36},"end":{"line":27,"column":1}},"line":22},"2":{"name":"(anonymous_2)","decl":{"start":{"line":29,"column":24},"end":{"line":29,"column":25}},"loc":{"start":{"line":29,"column":33},"end":{"line":51,"column":1}},"line":29},"3":{"name":"(anonymous_3)","decl":{"start":{"line":34,"column":45},"end":{"line":34,"column":46}},"loc":{"start":{"line":34,"column":53},"end":{"line":34,"column":90}},"line":34}},"branchMap":{"0":{"loc":{"start":{"line":7,"column":2},"end":{"line":9,"column":3}},"type":"if","locations":[{"start":{"line":7,"column":2},"end":{"line":9,"column":3}},{"start":{},"end":{}}],"line":7},"1":{"loc":{"start":{"line":23,"column":2},"end":{"line":25,"column":3}},"type":"if","locations":[{"start":{"line":23,"column":2},"end":{"line":25,"column":3}},{"start":{},"end":{}}],"line":23},"2":{"loc":{"start":{"line":30,"column":2},"end":{"line":32,"column":3}},"type":"if","locations":[{"start":{"line":30,"column":2},"end":{"line":32,"column":3}},{"start":{},"end":{}}],"line":30},"3":{"loc":{"start":{"line":46,"column":4},"end":{"line":48,"column":5}},"type":"if","locations":[{"start":{"line":46,"column":4},"end":{"line":48,"column":5}},{"start":{},"end":{}}],"line":46}},"s":{"0":1,"1":4,"2":1,"3":3,"4":3,"5":3,"6":3,"7":3,"8":15,"9":15,"10":3,"11":1,"12":4,"13":1,"14":3,"15":1,"16":5,"17":1,"18":4,"19":13,"20":4,"21":4,"22":4,"23":13,"24":13,"25":13,"26":4,"27":4,"28":20,"29":7,"30":4,"31":1},"f":{"0":4,"1":4,"2":5,"3":13},"b":{"0":[1,3],"1":[1,3],"2":[1,4],"3":[7,13]},"_coverageSchema":"1a1c01bbd47fc00a2c39e90264f33305004495a9","hash":"abe2648c869822e95621b8d7d21aae3853c9cdd3"}
,"/Users/justinstendara/Documents/HackReactor/Git/seniorPhase/rpp2207-fec/client/src/components/Ratings/metadata/MetaRating.jsx": {"path":"/Users/justinstendara/Documents/HackReactor/Git/seniorPhase/rpp2207-fec/client/src/components/Ratings/metadata/MetaRating.jsx","statementMap":{"0":{"start":{"line":4,"column":17},"end":{"line":55,"column":1}},"1":{"start":{"line":5,"column":16},"end":{"line":5,"column":49}},"2":{"start":{"line":7,"column":38},"end":{"line":7,"column":50}},"3":{"start":{"line":9,"column":21},"end":{"line":24,"column":3}},"4":{"start":{"line":10,"column":4},"end":{"line":23,"column":9}},"5":{"start":{"line":13,"column":8},"end":{"line":22,"column":9}},"6":{"start":{"line":14,"column":10},"end":{"line":14,"column":49}},"7":{"start":{"line":15,"column":10},"end":{"line":15,"column":24}},"8":{"start":{"line":16,"column":10},"end":{"line":16,"column":33}},"9":{"start":{"line":18,"column":10},"end":{"line":18,"column":59}},"10":{"start":{"line":19,"column":10},"end":{"line":19,"column":56}},"11":{"start":{"line":20,"column":10},"end":{"line":20,"column":24}},"12":{"start":{"line":21,"column":10},"end":{"line":21,"column":33}},"13":{"start":{"line":26,"column":21},"end":{"line":31,"column":3}},"14":{"start":{"line":27,"column":4},"end":{"line":30,"column":9}},"15":{"start":{"line":29,"column":8},"end":{"line":29,"column":27}},"16":{"start":{"line":33,"column":2},"end":{"line":54,"column":4}},"17":{"start":{"line":43,"column":8},"end":{"line":51,"column":10}}},"fnMap":{"0":{"name":"(anonymous_0)","decl":{"start":{"line":4,"column":17},"end":{"line":4,"column":18}},"loc":{"start":{"line":4,"column":28},"end":{"line":55,"column":1}},"line":4},"1":{"name":"(anonymous_1)","decl":{"start":{"line":9,"column":21},"end":{"line":9,"column":22}},"loc":{"start":{"line":9,"column":28},"end":{"line":24,"column":3}},"line":9},"2":{"name":"(anonymous_2)","decl":{"start":{"line":11,"column":12},"end":{"line":11,"column":13}},"loc":{"start":{"line":11,"column":18},"end":{"line":23,"column":7}},"line":11},"3":{"name":"(anonymous_3)","decl":{"start":{"line":26,"column":21},"end":{"line":26,"column":22}},"loc":{"start":{"line":26,"column":28},"end":{"line":31,"column":3}},"line":26},"4":{"name":"(anonymous_4)","decl":{"start":{"line":28,"column":12},"end":{"line":28,"column":13}},"loc":{"start":{"line":28,"column":18},"end":{"line":30,"column":7}},"line":28},"5":{"name":"(anonymous_5)","decl":{"start":{"line":42,"column":34},"end":{"line":42,"column":35}},"loc":{"start":{"line":42,"column":48},"end":{"line":52,"column":7}},"line":42}},"branchMap":{"0":{"loc":{"start":{"line":13,"column":8},"end":{"line":22,"column":9}},"type":"if","locations":[{"start":{"line":13,"column":8},"end":{"line":22,"column":9}},{"start":{"line":17,"column":15},"end":{"line":22,"column":9}}],"line":13},"1":{"loc":{"start":{"line":36,"column":7},"end":{"line":39,"column":7}},"type":"binary-expr","locations":[{"start":{"line":36,"column":7},"end":{"line":36,"column":31}},{"start":{"line":37,"column":6},"end":{"line":39,"column":7}}],"line":36}},"s":{"0":1,"1":1,"2":1,"3":1,"4":0,"5":0,"6":0,"7":0,"8":0,"9":0,"10":0,"11":0,"12":0,"13":1,"14":0,"15":0,"16":1,"17":5},"f":{"0":1,"1":0,"2":0,"3":0,"4":0,"5":5},"b":{"0":[0,0],"1":[1,0]},"_coverageSchema":"1a1c01bbd47fc00a2c39e90264f33305004495a9","hash":"a404f5f41c1c179b7fa1ffe4f2e87862d29a8f1c"}
,"/Users/justinstendara/Documents/HackReactor/Git/seniorPhase/rpp2207-fec/client/src/components/Ratings/metadata/Metadata.jsx": {"path":"/Users/justinstendara/Documents/HackReactor/Git/seniorPhase/rpp2207-fec/client/src/components/Ratings/metadata/Metadata.jsx","statementMap":{"0":{"start":{"line":6,"column":15},"end":{"line":23,"column":1}},"1":{"start":{"line":7,"column":22},"end":{"line":7,"column":68}},"2":{"start":{"line":8,"column":12},"end":{"line":8,"column":59}},"3":{"start":{"line":9,"column":2},"end":{"line":22,"column":4}}},"fnMap":{"0":{"name":"(anonymous_0)","decl":{"start":{"line":6,"column":15},"end":{"line":6,"column":16}},"loc":{"start":{"line":6,"column":26},"end":{"line":23,"column":1}},"line":6}},"branchMap":{},"s":{"0":1,"1":1,"2":1,"3":1},"f":{"0":1},"b":{},"_coverageSchema":"1a1c01bbd47fc00a2c39e90264f33305004495a9","hash":"c89a81c609222099eeca9628b128598f59ea1d46"}
,"/Users/justinstendara/Documents/HackReactor/Git/seniorPhase/rpp2207-fec/client/src/components/Ratings/metadata/productBreakdown.jsx": {"path":"/Users/justinstendara/Documents/HackReactor/Git/seniorPhase/rpp2207-fec/client/src/components/Ratings/metadata/productBreakdown.jsx","statementMap":{"0":{"start":{"line":4,"column":23},"end":{"line":20,"column":1}},"1":{"start":{"line":5,"column":2},"end":{"line":19,"column":4}},"2":{"start":{"line":9,"column":21},"end":{"line":9,"column":58}},"3":{"start":{"line":10,"column":8},"end":{"line":16,"column":10}}},"fnMap":{"0":{"name":"(anonymous_0)","decl":{"start":{"line":4,"column":23},"end":{"line":4,"column":24}},"loc":{"start":{"line":4,"column":34},"end":{"line":20,"column":1}},"line":4},"1":{"name":"(anonymous_1)","decl":{"start":{"line":8,"column":35},"end":{"line":8,"column":36}},"loc":{"start":{"line":8,"column":49},"end":{"line":17,"column":7}},"line":8}},"branchMap":{},"s":{"0":1,"1":1,"2":4,"3":4},"f":{"0":1,"1":4},"b":{},"_coverageSchema":"1a1c01bbd47fc00a2c39e90264f33305004495a9","hash":"3dc34f6e0a11acce8e62ce65167d0e68bb0b589e"}
,"/Users/justinstendara/Documents/HackReactor/Git/seniorPhase/rpp2207-fec/client/src/components/Ratings/metadata/productRect.jsx": {"path":"/Users/justinstendara/Documents/HackReactor/Git/seniorPhase/rpp2207-fec/client/src/components/Ratings/metadata/productRect.jsx","statementMap":{"0":{"start":{"line":3,"column":18},"end":{"line":12,"column":1}},"1":{"start":{"line":4,"column":2},"end":{"line":11,"column":4}}},"fnMap":{"0":{"name":"(anonymous_0)","decl":{"start":{"line":3,"column":18},"end":{"line":3,"column":19}},"loc":{"start":{"line":3,"column":29},"end":{"line":12,"column":1}},"line":3}},"branchMap":{},"s":{"0":1,"1":4},"f":{"0":4},"b":{},"_coverageSchema":"1a1c01bbd47fc00a2c39e90264f33305004495a9","hash":"451f81b85807049d37e362d3b24a998284eba993"}
,"/Users/justinstendara/Documents/HackReactor/Git/seniorPhase/rpp2207-fec/client/src/components/Ratings/metadata/reviewRect.jsx": {"path":"/Users/justinstendara/Documents/HackReactor/Git/seniorPhase/rpp2207-fec/client/src/components/Ratings/metadata/reviewRect.jsx","statementMap":{"0":{"start":{"line":3,"column":16},"end":{"line":31,"column":1}},"1":{"start":{"line":4,"column":29},"end":{"line":4,"column":43}},"2":{"start":{"line":6,"column":2},"end":{"line":30,"column":3}},"3":{"start":{"line":7,"column":4},"end":{"line":17,"column":6}},"4":{"start":{"line":15,"column":37},"end":{"line":15,"column":57}},"5":{"start":{"line":19,"column":4},"end":{"line":29,"column":6}},"6":{"start":{"line":27,"column":38},"end":{"line":27,"column":58}}},"fnMap":{"0":{"name":"(anonymous_0)","decl":{"start":{"line":3,"column":16},"end":{"line":3,"column":17}},"loc":{"start":{"line":3,"column":27},"end":{"line":31,"column":1}},"line":3},"1":{"name":"(anonymous_1)","decl":{"start":{"line":15,"column":29},"end":{"line":15,"column":30}},"loc":{"start":{"line":15,"column":35},"end":{"line":15,"column":59}},"line":15},"2":{"name":"(anonymous_2)","decl":{"start":{"line":27,"column":30},"end":{"line":27,"column":31}},"loc":{"start":{"line":27,"column":36},"end":{"line":27,"column":60}},"line":27}},"branchMap":{"0":{"loc":{"start":{"line":6,"column":2},"end":{"line":30,"column":3}},"type":"if","locations":[{"start":{"line":6,"column":2},"end":{"line":30,"column":3}},{"start":{"line":18,"column":9},"end":{"line":30,"column":3}}],"line":6}},"s":{"0":1,"1":5,"2":5,"3":5,"4":0,"5":0,"6":0},"f":{"0":5,"1":0,"2":0},"b":{"0":[5,0]},"_coverageSchema":"1a1c01bbd47fc00a2c39e90264f33305004495a9","hash":"fc732f414f283bd242a424e816bf77c273cc44cd"}
,"/Users/justinstendara/Documents/HackReactor/Git/seniorPhase/rpp2207-fec/config/CSSStub.js": {"path":"/Users/justinstendara/Documents/HackReactor/Git/seniorPhase/rpp2207-fec/config/CSSStub.js","statementMap":{"0":{"start":{"line":1,"column":0},"end":{"line":1,"column":20}}},"fnMap":{},"branchMap":{},"s":{"0":1},"f":{},"b":{},"_coverageSchema":"1a1c01bbd47fc00a2c39e90264f33305004495a9","hash":"7b3ae1e781b293cf1be7b8857056b0cb0a01f631"}
,"/Users/justinstendara/Documents/HackReactor/Git/seniorPhase/rpp2207-fec/testing/mockData.js": {"path":"/Users/justinstendara/Documents/HackReactor/Git/seniorPhase/rpp2207-fec/testing/mockData.js","statementMap":{"0":{"start":{"line":1,"column":24},"end":{"line":435,"column":1}}},"fnMap":{},"branchMap":{},"s":{"0":3},"f":{},"b":{},"_coverageSchema":"1a1c01bbd47fc00a2c39e90264f33305004495a9","hash":"8528ac2d39da7a66b44a9a0f486b443fc38357ed"}
}
