TN:
SF:client/src/API/Ratings.js
FN:5,(anonymous_0)
FN:18,(anonymous_1)
FN:22,(anonymous_2)
FN:33,(anonymous_3)
FN:37,(anonymous_4)
FN:49,(anonymous_5)
FN:52,(anonymous_6)
FN:58,(anonymous_7)
FN:62,(anonymous_8)
FN:73,(anonymous_9)
FN:76,(anonymous_10)
FN:80,(anonymous_11)
FN:82,(anonymous_12)
FN:86,(anonymous_13)
FN:110,(anonymous_14)
FN:113,(anonymous_15)
FN:116,(anonymous_16)
FN:120,(anonymous_17)
FN:128,(anonymous_18)
FN:131,(anonymous_19)
FN:134,(anonymous_20)
FNF:21
FNH:6
FNDA:1,(anonymous_0)
FNDA:0,(anonymous_1)
FNDA:0,(anonymous_2)
FNDA:0,(anonymous_3)
FNDA:1,(anonymous_4)
FNDA:1,(anonymous_5)
FNDA:1,(anonymous_6)
FNDA:0,(anonymous_7)
FNDA:1,(anonymous_8)
FNDA:1,(anonymous_9)
FNDA:0,(anonymous_10)
FNDA:0,(anonymous_11)
FNDA:0,(anonymous_12)
FNDA:0,(anonymous_13)
FNDA:0,(anonymous_14)
FNDA:0,(anonymous_15)
FNDA:0,(anonymous_16)
FNDA:0,(anonymous_17)
FNDA:0,(anonymous_18)
FNDA:0,(anonymous_19)
FNDA:0,(anonymous_20)
DA:1,1
DA:2,1
DA:3,1
DA:4,1
DA:6,1
DA:19,0
DA:23,0
DA:34,0
DA:38,1
DA:50,1
DA:53,1
DA:54,0
DA:56,1
DA:59,0
DA:63,1
DA:74,1
DA:77,0
DA:81,0
DA:83,0
DA:87,0
DA:88,0
DA:89,0
DA:92,0
DA:111,0
DA:114,0
DA:117,0
DA:121,0
DA:122,0
DA:123,0
DA:124,0
DA:129,0
DA:132,0
DA:135,0
LF:33
LH:11
BRDA:3,0,0,1
BRDA:3,0,1,0
BRDA:53,1,0,0
BRDA:53,1,1,1
BRDA:80,2,0,0
BRDA:80,3,0,0
BRDA:80,4,0,0
BRDA:86,5,0,0
BRF:8
BRH:2
end_of_record
TN:
SF:client/src/components/Ratings/Ratings.jsx
FN:9,(anonymous_0)
FN:45,(anonymous_1)
FN:47,(anonymous_2)
FN:51,(anonymous_3)
FN:56,(anonymous_4)
FN:62,(anonymous_5)
FN:70,(anonymous_6)
FN:74,(anonymous_7)
FN:78,(anonymous_8)
FN:92,(anonymous_9)
FN:97,(anonymous_10)
FN:118,(anonymous_11)
FN:122,(anonymous_12)
FN:126,(anonymous_13)
FN:130,(anonymous_14)
FN:135,(anonymous_15)
FN:136,(anonymous_16)
FN:175,(anonymous_17)
FNF:18
FNH:12
FNDA:37,(anonymous_0)
FNDA:1,(anonymous_1)
FNDA:0,(anonymous_2)
FNDA:1,(anonymous_3)
FNDA:18,(anonymous_4)
FNDA:20,(anonymous_5)
FNDA:12,(anonymous_6)
FNDA:15,(anonymous_7)
FNDA:12,(anonymous_8)
FNDA:1,(anonymous_9)
FNDA:6,(anonymous_10)
FNDA:0,(anonymous_11)
FNDA:0,(anonymous_12)
FNDA:0,(anonymous_13)
FNDA:8,(anonymous_14)
FNDA:0,(anonymous_15)
FNDA:0,(anonymous_16)
FNDA:100,(anonymous_17)
DA:9,1
DA:10,37
DA:18,37
DA:21,36
DA:22,36
DA:23,36
DA:24,36
DA:25,36
DA:26,36
DA:27,36
DA:30,36
DA:31,36
DA:32,36
DA:33,36
DA:36,36
DA:37,36
DA:45,36
DA:46,1
DA:48,0
DA:49,0
DA:52,1
DA:56,36
DA:57,18
DA:58,14
DA:59,14
DA:61,4
DA:62,4
DA:63,20
DA:65,4
DA:66,4
DA:67,4
DA:70,36
DA:71,12
DA:74,36
DA:75,15
DA:78,36
DA:79,12
DA:80,2
DA:81,2
DA:84,10
DA:85,10
DA:87,10
DA:88,10
DA:92,36
DA:93,1
DA:94,1
DA:97,36
DA:99,6
DA:100,0
DA:103,6
DA:104,0
DA:105,0
DA:107,6
DA:108,2
DA:109,2
DA:110,2
DA:111,2
DA:113,4
DA:114,4
DA:118,36
DA:119,0
DA:122,36
DA:123,0
DA:126,36
DA:127,0
DA:130,36
DA:131,8
DA:133,8
DA:134,0
DA:135,0
DA:136,0
DA:137,0
DA:140,0
DA:141,0
DA:145,36
DA:176,100
DA:177,40
DA:181,60
LF:78
LH:64
BRDA:18,0,0,37
BRDA:18,0,1,27
BRDA:45,1,0,0
BRDA:45,2,0,0
BRDA:45,2,1,0
BRDA:45,3,0,1
BRDA:45,4,0,1
BRDA:57,5,0,14
BRDA:57,5,1,4
BRDA:79,6,0,2
BRDA:79,6,1,10
BRDA:99,7,0,0
BRDA:99,7,1,6
BRDA:103,8,0,0
BRDA:103,8,1,6
BRDA:107,9,0,2
BRDA:107,9,1,4
BRDA:133,10,0,0
BRDA:133,10,1,8
BRDA:149,11,0,36
BRDA:149,11,1,22
BRDA:151,12,0,36
BRDA:151,12,1,14
BRDA:168,13,0,0
BRDA:168,13,1,36
BRDA:173,14,0,36
BRDA:173,14,1,22
BRDA:176,15,0,40
BRDA:176,15,1,60
BRDA:185,16,0,22
BRDA:185,16,1,20
BRDA:185,16,2,20
BRDA:189,17,0,22
BRDA:189,17,1,0
BRDA:193,18,0,22
BRDA:193,18,1,6
BRDA:201,19,0,36
BRDA:201,19,1,14
BRF:38
BRH:30
end_of_record
TN:
SF:client/src/components/Ratings/ReviewCard.jsx
FN:6,(anonymous_0)
FN:18,(anonymous_1)
FN:37,(anonymous_2)
FN:46,(anonymous_3)
FN:50,(anonymous_4)
FN:52,(anonymous_5)
FN:58,(anonymous_6)
FN:63,(anonymous_7)
FN:65,(anonymous_8)
FN:70,(anonymous_9)
FN:87,(anonymous_10)
FN:111,(anonymous_11)
FNF:12
FNH:10
FNDA:66,(anonymous_0)
FNDA:27,(anonymous_1)
FNDA:1,(anonymous_2)
FNDA:1,(anonymous_3)
FNDA:1,(anonymous_4)
FNDA:1,(anonymous_5)
FNDA:0,(anonymous_6)
FNDA:1,(anonymous_7)
FNDA:1,(anonymous_8)
FNDA:0,(anonymous_9)
FNDA:1,(anonymous_10)
FNDA:36,(anonymous_11)
DA:6,1
DA:10,66
DA:11,66
DA:12,66
DA:13,66
DA:14,66
DA:15,66
DA:16,66
DA:18,66
DA:19,27
DA:23,66
DA:24,30
DA:26,36
DA:27,36
DA:30,66
DA:31,66
DA:32,2
DA:34,64
DA:37,66
DA:39,1
DA:43,1
DA:46,66
DA:47,1
DA:50,66
DA:51,1
DA:53,1
DA:54,1
DA:55,1
DA:59,0
DA:63,66
DA:64,1
DA:66,1
DA:67,1
DA:71,0
DA:75,66
DA:87,1
DA:112,36
LF:37
LH:35
BRDA:23,0,0,30
BRDA:23,0,1,36
BRDA:31,1,0,2
BRDA:31,1,1,64
BRDA:53,2,0,1
BRDA:53,2,1,0
BRDA:66,3,0,1
BRDA:66,3,1,0
BRDA:86,4,0,66
BRDA:86,4,1,64
BRDA:86,4,2,28
BRDA:89,5,0,66
BRDA:89,5,1,66
BRDA:92,6,0,66
BRDA:92,6,1,66
BRDA:97,7,0,65
BRDA:97,7,1,1
BRDA:104,8,0,1
BRDA:104,8,1,65
BRF:19
BRH:17
end_of_record
TN:
SF:client/src/components/Ratings/ReviewForm.jsx
FN:10,(anonymous_0)
FN:25,(anonymous_1)
FN:26,(anonymous_2)
FN:32,(anonymous_3)
FN:44,(anonymous_4)
FN:49,(anonymous_5)
FN:53,(anonymous_6)
FN:55,(anonymous_7)
FN:65,(anonymous_8)
FN:78,(anonymous_9)
FN:80,(anonymous_10)
FN:82,(anonymous_11)
FN:92,(anonymous_12)
FN:101,(anonymous_13)
FN:107,(anonymous_14)
FN:143,(anonymous_15)
FN:145,(anonymous_16)
FN:152,(anonymous_17)
FN:170,(anonymous_18)
FN:178,(anonymous_19)
FN:226,(anonymous_20)
FN:235,(anonymous_21)
FN:245,(anonymous_22)
FN:324,(anonymous_23)
FN:352,(anonymous_24)
FNF:25
FNH:13
FNDA:21,(anonymous_0)
FNDA:6,(anonymous_1)
FNDA:24,(anonymous_2)
FNDA:2,(anonymous_3)
FNDA:4,(anonymous_4)
FNDA:1,(anonymous_5)
FNDA:0,(anonymous_6)
FNDA:0,(anonymous_7)
FNDA:0,(anonymous_8)
FNDA:0,(anonymous_9)
FNDA:0,(anonymous_10)
FNDA:0,(anonymous_11)
FNDA:0,(anonymous_12)
FNDA:6,(anonymous_13)
FNDA:0,(anonymous_14)
FNDA:0,(anonymous_15)
FNDA:0,(anonymous_16)
FNDA:1,(anonymous_17)
FNDA:0,(anonymous_18)
FNDA:0,(anonymous_19)
FNDA:84,(anonymous_20)
FNDA:420,(anonymous_21)
FNDA:420,(anonymous_22)
FNDA:2,(anonymous_23)
FNDA:1,(anonymous_24)
DA:10,1
DA:11,21
DA:12,21
DA:13,21
DA:14,21
DA:15,21
DA:16,21
DA:17,21
DA:18,21
DA:19,21
DA:20,21
DA:21,21
DA:22,21
DA:23,21
DA:25,21
DA:26,6
DA:27,24
DA:29,6
DA:32,21
DA:33,2
DA:36,21
DA:44,21
DA:45,4
DA:46,4
DA:49,21
DA:50,1
DA:53,21
DA:54,0
DA:55,0
DA:56,0
DA:57,0
DA:59,0
DA:62,0
DA:65,21
DA:66,0
DA:67,0
DA:68,0
DA:69,0
DA:70,0
DA:71,0
DA:72,0
DA:73,0
DA:74,0
DA:78,21
DA:79,0
DA:80,0
DA:81,0
DA:82,0
DA:83,0
DA:84,0
DA:86,0
DA:92,21
DA:93,0
DA:94,0
DA:95,0
DA:96,0
DA:97,0
DA:98,0
DA:101,21
DA:102,6
DA:103,0
DA:107,21
DA:108,0
DA:112,21
DA:144,0
DA:145,0
DA:152,21
DA:153,1
DA:164,1
DA:165,1
DA:166,1
DA:168,0
DA:169,0
DA:171,0
DA:172,0
DA:174,0
DA:175,0
DA:176,0
DA:179,0
DA:186,21
DA:227,84
DA:236,420
DA:246,420
DA:324,2
DA:348,21
DA:353,1
DA:354,1
LF:87
LH:47
BRDA:56,0,0,0
BRDA:56,0,1,0
BRDA:67,1,0,0
BRDA:67,1,1,0
BRDA:69,2,0,0
BRDA:69,2,1,0
BRDA:71,3,0,0
BRDA:71,3,1,0
BRDA:73,4,0,0
BRDA:73,4,1,0
BRDA:83,5,0,0
BRDA:83,5,1,0
BRDA:102,6,0,0
BRDA:102,6,1,6
BRDA:102,7,0,6
BRDA:102,7,1,0
BRDA:116,8,0,21
BRDA:116,8,1,0
BRDA:128,9,0,21
BRDA:128,9,1,0
BRDA:131,10,0,0
BRDA:131,10,1,21
BRDA:165,11,0,1
BRDA:165,11,1,0
BRDA:171,12,0,0
BRDA:171,12,1,0
BRDA:193,13,0,21
BRDA:193,13,1,15
BRDA:328,14,0,21
BRDA:328,14,1,1
BRDA:336,15,0,21
BRDA:336,15,1,0
BRDA:351,16,0,21
BRDA:351,16,1,2
BRF:34
BRH:13
end_of_record
TN:
SF:client/src/components/Ratings/characteristicMeaning.js
FNF:0
FNH:0
DA:1,1
LF:1
LH:1
BRF:0
BRH:0
end_of_record
TN:
SF:client/src/components/Ratings/helperFunctions.js
FN:8,(anonymous_0)
FN:24,(anonymous_1)
FN:31,(anonymous_2)
FN:36,(anonymous_3)
FN:55,(anonymous_4)
FN:62,(anonymous_5)
FN:63,(anonymous_6)
FN:91,(anonymous_7)
FN:110,(anonymous_8)
FN:112,(anonymous_9)
FN:113,(anonymous_10)
FN:139,(anonymous_11)
FN:145,(anonymous_12)
FN:151,(anonymous_13)
FN:164,(anonymous_14)
FN:170,(anonymous_15)
FN:174,(anonymous_16)
FN:180,(anonymous_17)
FN:184,(anonymous_18)
FN:190,(anonymous_19)
FN:194,(anonymous_20)
FNF:21
FNH:21
FNDA:26,(anonymous_0)
FNDA:26,(anonymous_1)
FNDA:29,(anonymous_2)
FNDA:133,(anonymous_3)
FNDA:4,(anonymous_4)
FNDA:21,(anonymous_5)
FNDA:105,(anonymous_6)
FNDA:21,(anonymous_7)
FNDA:5,(anonymous_8)
FNDA:50,(anonymous_9)
FNDA:50,(anonymous_10)
FNDA:5,(anonymous_11)
FNDA:5,(anonymous_12)
FNDA:5,(anonymous_13)
FNDA:5,(anonymous_14)
FNDA:5,(anonymous_15)
FNDA:5,(anonymous_16)
FNDA:5,(anonymous_17)
FNDA:5,(anonymous_18)
FNDA:5,(anonymous_19)
FNDA:5,(anonymous_20)
DA:8,1
DA:9,26
DA:10,1
DA:13,25
DA:14,25
DA:16,25
DA:17,25
DA:18,125
DA:19,125
DA:21,25
DA:24,1
DA:25,26
DA:26,1
DA:28,25
DA:31,1
DA:32,29
DA:33,1
DA:36,133
DA:37,28
DA:40,28
DA:41,133
DA:42,133
DA:44,133
DA:47,28
DA:48,140
DA:49,7
DA:52,28
DA:55,1
DA:56,4
DA:57,1
DA:59,3
DA:62,1
DA:63,21
DA:64,105
DA:65,11
DA:76,94
DA:77,94
DA:91,21
DA:92,21
DA:93,21
DA:94,21
DA:95,105
DA:96,11
DA:97,94
DA:98,94
DA:101,21
DA:103,21
DA:104,0
DA:106,21
DA:110,1
DA:111,5
DA:112,5
DA:113,50
DA:114,50
DA:119,5
DA:120,35
DA:121,35
DA:122,50
DA:123,50
DA:124,50
DA:125,16
DA:126,12
DA:128,4
DA:133,5
DA:136,1
DA:139,5
DA:145,5
DA:152,5
DA:153,9
DA:154,1
DA:157,4
DA:164,5
DA:170,5
DA:174,5
DA:180,5
DA:184,5
DA:190,5
DA:194,5
LF:78
LH:77
BRDA:9,0,0,1
BRDA:9,0,1,25
BRDA:25,1,0,1
BRDA:25,1,1,25
BRDA:32,2,0,1
BRDA:32,2,1,28
BRDA:48,3,0,7
BRDA:48,3,1,133
BRDA:56,4,0,1
BRDA:56,4,1,3
BRDA:59,5,0,2
BRDA:59,5,1,1
BRDA:64,6,0,11
BRDA:64,6,1,94
BRDA:76,7,0,94
BRDA:76,7,1,0
BRDA:95,8,0,11
BRDA:95,8,1,94
BRDA:97,9,0,94
BRDA:97,9,1,0
BRDA:103,10,0,0
BRDA:103,10,1,21
BRDA:114,11,0,34
BRDA:114,11,1,16
BRDA:124,12,0,16
BRDA:124,12,1,34
BRDA:125,13,0,12
BRDA:125,13,1,4
BRDA:153,14,0,1
BRDA:153,14,1,8
BRDA:190,15,0,5
BRDA:190,15,1,4
BRDA:190,15,2,0
BRF:33
BRH:29
end_of_record
TN:
SF:client/src/components/Ratings/modal.jsx
FN:5,(anonymous_0)
FNF:1
FNH:1
FNDA:24,(anonymous_0)
DA:5,1
DA:6,24
LF:2
LH:2
BRDA:7,0,0,24
BRDA:7,0,1,22
BRF:2
BRH:2
end_of_record
TN:
SF:client/src/components/Ratings/metadata/MetaRating.jsx
FN:4,(anonymous_0)
FN:10,(anonymous_1)
FN:12,(anonymous_2)
FN:18,(anonymous_3)
FN:25,(anonymous_4)
FN:27,(anonymous_5)
FN:38,(anonymous_6)
FN:48,(anonymous_7)
FNF:8
FNH:7
FNDA:26,(anonymous_0)
FNDA:6,(anonymous_1)
FNDA:6,(anonymous_2)
FNDA:0,(anonymous_3)
FNDA:1,(anonymous_4)
FNDA:1,(anonymous_5)
FNDA:1,(anonymous_6)
FNDA:125,(anonymous_7)
DA:4,1
DA:5,26
DA:7,25
DA:8,25
DA:10,25
DA:11,6
DA:13,6
DA:14,6
DA:15,6
DA:16,6
DA:19,0
DA:20,0
DA:25,25
DA:26,1
DA:28,1
DA:32,25
DA:39,1
DA:49,125
LF:18
LH:16
BRDA:13,0,0,6
BRDA:13,0,1,1
BRDA:34,1,0,25
BRDA:34,1,1,0
BRDA:36,2,0,25
BRDA:36,2,1,1
BRF:6
BRH:5
end_of_record
TN:
SF:client/src/components/Ratings/metadata/Metadata.jsx
FN:6,(anonymous_0)
FNF:1
FNH:1
FNDA:24,(anonymous_0)
DA:6,1
DA:7,24
DA:8,23
DA:9,23
LF:4
LH:4
BRF:0
BRH:0
end_of_record
TN:
SF:client/src/components/Ratings/metadata/productBreakdown.jsx
FN:5,(anonymous_0)
FN:8,(anonymous_1)
FNF:2
FNH:2
FNDA:23,(anonymous_0)
FNDA:92,(anonymous_1)
DA:5,1
DA:6,23
DA:9,92
DA:10,92
LF:4
LH:4
BRF:0
BRH:0
end_of_record
TN:
SF:client/src/components/Ratings/metadata/productRect.jsx
FN:3,(anonymous_0)
FNF:1
FNH:1
FNDA:92,(anonymous_0)
DA:3,1
DA:4,92
LF:2
LH:2
BRF:0
BRH:0
end_of_record
TN:
SF:client/src/components/Ratings/metadata/reviewRect.jsx
FN:3,(anonymous_0)
FN:15,(anonymous_1)
FN:27,(anonymous_2)
FNF:3
FNH:1
FNDA:125,(anonymous_0)
FNDA:0,(anonymous_1)
FNDA:0,(anonymous_2)
DA:3,1
DA:4,125
DA:6,125
DA:7,125
DA:15,0
DA:19,0
DA:27,0
LF:7
LH:4
BRDA:6,0,0,125
BRDA:6,0,1,0
BRF:2
BRH:1
end_of_record
TN:
SF:testing/reviewData.js
FNF:0
FNH:0
DA:1,1
DA:14,1
DA:121,1
DA:194,1
DA:227,1
DA:234,1
DA:241,1
LF:7
LH:7
BRF:0
BRH:0
end_of_record
TN:
SF:testing/config/CSSStub.js
FNF:0
FNH:0
DA:1,1
LF:1
LH:1
BRF:0
BRH:0
end_of_record
